This is XeTeX, Version 3.141592653-2.6-0.999993 (TeX Live 2021/Arch Linux) (preloaded format=xelatex 2021.7.27)  23 OCT 2021 16:55
entering extended mode
 restricted \write18 enabled.
 %&-line parsing enabled.
**/home/liabri/.config/dunst/dunstrc
(/home/liabri/.config/dunst/dunstrc
LaTeX2e <2020-10-01> patch level 4
L3 programming layer <2021-02-18>

! LaTeX Error: Missing \begin{document}.

See the LaTeX manual or LaTeX Companion for explanation.
Type  H <return>  for immediate help.
 ...                                              
                                                  
l.1 [
     global]
? 
! Emergency stop.
 ...                                              
                                                  
l.1 [
     global]
You're in trouble here.  Try typing  <return>  to proceed.
If that doesn't work, type  X <return>  to quit.

 
Here is how much of TeX's memory you used:
 17 strings out of 476919
 528 string characters out of 5827674
 292912 words of memory out of 5000000
 20119 multiletter control sequences out of 15000+600000
 403430 words of font info for 27 fonts, out of 8000000 for 9000
 1348 hyphenation exceptions out of 8191
 12i,0n,15p,74b,14s stack positions out of 5000i,500n,10000p,200000b,80000s
No pages of output.
